
Showing logs for build [32mcb-kubecd-environment-pr-177-45-ztkft-1[0m stage [32mfrom-build-pack[0m and container [32mstep-credential-initializer-z4lmw[0m
{"level":"warn","ts":1583629241.1316073,"logger":"fallback-logger","caller":"logging/config.go:69","msg":"Fetch GitHub commit ID from kodata failed: \"ref: refs/heads/0.8.0-**-support-backwards-incompats\" is not a valid GitHub commit ID"}
{"level":"info","ts":1583629241.1321561,"logger":"fallback-logger","caller":"creds-init/main.go:40","msg":"Credentials initialized."}

Showing logs for build [32mcb-kubecd-environment-pr-177-45-ztkft-1[0m stage [32mfrom-build-pack[0m and container [32mstep-working-dir-initializer-869h8[0m
{"level":"warn","ts":1583629242.5527942,"logger":"fallback-logger","caller":"logging/config.go:69","msg":"Fetch GitHub commit ID from kodata failed: open /var/run/ko/HEAD: no such file or directory"}
{"level":"info","ts":1583629242.5541768,"logger":"fallback-logger","caller":"bash/main.go:64","msg":"Successfully executed command \"sh -c mkdir -p /workspace/source\"; output "}

Showing logs for build [32mcb-kubecd-environment-pr-177-45-ztkft-1[0m stage [32mfrom-build-pack[0m and container [32mstep-place-tools[0m

Showing logs for build [32mcb-kubecd-environment-pr-177-45-ztkft-1[0m stage [32mfrom-build-pack[0m and container [32mstep-git-source-cb-kubecd-environment-pr-177-45-ztkft-htxv2[0m
{"level":"warn","ts":1583629247.5611477,"logger":"fallback-logger","caller":"logging/config.go:69","msg":"Fetch GitHub commit ID from kodata failed: \"ref: refs/heads/0.8.0-**-support-backwards-incompats\" is not a valid GitHub commit ID"}
{"level":"info","ts":1583629248.5931249,"logger":"fallback-logger","caller":"git/git.go:103","msg":"Successfully cloned https://github.com/cb-kubecd/environment-pr-177-45-boot-gke-staging.git @ master in path /workspace/source"}

Showing logs for build [32mcb-kubecd-environment-pr-177-45-ztkft-1[0m stage [32mfrom-build-pack[0m and container [32mstep-git-merge[0m
Using SHAs from PULL_REFS=master:c4b2723cecee148ed707858f8a027e1d08dbf26a,3:b37b3705bc9feac0acceac6a2eb85d3a87203c0f
DEBUG: LC_ALL=C JX_LOG_LEVEL=error git fetch origin --unshallow b37b3705bc9feac0acceac6a2eb85d3a87203c0f: c4b2723cecee148ed707858f8a027e1d08dbf26a:
DEBUG: ran git fetch --unshallow origin b37b3705bc9feac0acceac6a2eb85d3a87203c0f: c4b2723cecee148ed707858f8a027e1d08dbf26a: in 
DEBUG: LC_ALL=C JX_LOG_LEVEL=error git branch
DEBUG: LC_ALL=C JX_LOG_LEVEL=error git checkout master
DEBUG: ran git checkout master in 
DEBUG: JX_LOG_LEVEL=error LC_ALL=C git reset --hard c4b2723cecee148ed707858f8a027e1d08dbf26a
DEBUG: ran git reset --hard c4b2723cecee148ed707858f8a027e1d08dbf26a in 
DEBUG: LC_ALL=C JX_LOG_LEVEL=error git clean -fd .
DEBUG: ran clean --force -d . in 
DEBUG: LC_ALL=C JX_LOG_LEVEL=error git merge b37b3705bc9feac0acceac6a2eb85d3a87203c0f
DEBUG: ran git merge b37b3705bc9feac0acceac6a2eb85d3a87203c0f in 
DEBUG: LC_ALL=C JX_LOG_LEVEL=error git log --format=%H%x1f%an%x1f%ae%x1f%cn%x1f%ce%x1f%s%n%b%x1e c4b2723cecee148ed707858f8a027e1d08dbf26a..HEAD
Merged SHA b37b3705bc9feac0acceac6a2eb85d3a87203c0f with commit message 'chore: Promote bdd-nh-1583628114 to version 0.0.1' into base branch master

Showing logs for build [32mcb-kubecd-environment-pr-177-45-ztkft-1[0m stage [32mfrom-build-pack[0m and container [32mstep-build-helm-build[0m
WARNING: No $CHART_REPOSITORY defined so using the default value of: http://jenkins-x-chartmuseum:8080
Adding missing Helm repo: storage.googleapis.com https://storage.googleapis.com/chartmuseum.jenkins-x.io
WARNING: No secrets found on "helm/repos" due: reading the secret "helm/repos" from vault: no secret "helm/repos" not found in vault
Read credentials for https://storage.googleapis.com/chartmuseum.jenkins-x.io from vault helm/repos
Successfully added Helm repository storage.googleapis.com.
Adding missing Helm repo: jenkins-x-chartmuseum http://jenkins-x-chartmuseum:8080
WARNING: No secrets found on "helm/repos" due: reading the secret "helm/repos" from vault: no secret "helm/repos" not found in vault
Read credentials for http://jenkins-x-chartmuseum:8080 from vault helm/repos
Successfully added Helm repository jenkins-x-chartmuseum.
WARNING: No $CHART_REPOSITORY defined so using the default value of: http://jenkins-x-chartmuseum:8080
Adding missing Helm repo: chartmuseum.jenkins-x.io http://chartmuseum.jenkins-x.io
WARNING: No secrets found on "helm/repos" due: reading the secret "helm/repos" from vault: no secret "helm/repos" not found in vault
Read credentials for http://chartmuseum.jenkins-x.io from vault helm/repos
Successfully added Helm repository chartmuseum.jenkins-x.io.
