
Showing logs for build [32mcb-kubecd-environment-pr-177-45-mjn4v-1[0m stage [32mfrom-build-pack[0m and container [32mstep-credential-initializer-rz258[0m
{"level":"warn","ts":1583630586.8331614,"logger":"fallback-logger","caller":"logging/config.go:69","msg":"Fetch GitHub commit ID from kodata failed: \"ref: refs/heads/0.8.0-**-support-backwards-incompats\" is not a valid GitHub commit ID"}
{"level":"info","ts":1583630586.8335993,"logger":"fallback-logger","caller":"creds-init/main.go:40","msg":"Credentials initialized."}

Showing logs for build [32mcb-kubecd-environment-pr-177-45-mjn4v-1[0m stage [32mfrom-build-pack[0m and container [32mstep-working-dir-initializer-nk645[0m
{"level":"warn","ts":1583630587.6931317,"logger":"fallback-logger","caller":"logging/config.go:69","msg":"Fetch GitHub commit ID from kodata failed: open /var/run/ko/HEAD: no such file or directory"}
{"level":"info","ts":1583630587.694655,"logger":"fallback-logger","caller":"bash/main.go:64","msg":"Successfully executed command \"sh -c mkdir -p /workspace/source\"; output "}

Showing logs for build [32mcb-kubecd-environment-pr-177-45-mjn4v-1[0m stage [32mfrom-build-pack[0m and container [32mstep-place-tools[0m

Showing logs for build [32mcb-kubecd-environment-pr-177-45-mjn4v-1[0m stage [32mfrom-build-pack[0m and container [32mstep-git-source-cb-kubecd-environment-pr-177-45-mjn4v-qcfgm[0m
{"level":"warn","ts":1583630591.7683685,"logger":"fallback-logger","caller":"logging/config.go:69","msg":"Fetch GitHub commit ID from kodata failed: \"ref: refs/heads/0.8.0-**-support-backwards-incompats\" is not a valid GitHub commit ID"}
{"level":"info","ts":1583630592.912793,"logger":"fallback-logger","caller":"git/git.go:103","msg":"Successfully cloned https://github.com/cb-kubecd/environment-pr-177-45-boot-gke-staging.git @ master in path /workspace/source"}

Showing logs for build [32mcb-kubecd-environment-pr-177-45-mjn4v-1[0m stage [32mfrom-build-pack[0m and container [32mstep-git-merge[0m
Using SHAs from PULL_REFS=master:76880333f68a9727df4f4e37b20f4844d3045bc0,5:a039fdc933584dc27f55eb376cc73c24e528eea0
DEBUG: JX_LOG_LEVEL=error LC_ALL=C git fetch origin --unshallow a039fdc933584dc27f55eb376cc73c24e528eea0: 76880333f68a9727df4f4e37b20f4844d3045bc0:
DEBUG: ran git fetch --unshallow origin a039fdc933584dc27f55eb376cc73c24e528eea0: 76880333f68a9727df4f4e37b20f4844d3045bc0: in 
DEBUG: LC_ALL=C JX_LOG_LEVEL=error git branch
DEBUG: LC_ALL=C JX_LOG_LEVEL=error git checkout master
DEBUG: ran git checkout master in 
DEBUG: LC_ALL=C JX_LOG_LEVEL=error git reset --hard 76880333f68a9727df4f4e37b20f4844d3045bc0
DEBUG: ran git reset --hard 76880333f68a9727df4f4e37b20f4844d3045bc0 in 
DEBUG: LC_ALL=C JX_LOG_LEVEL=error git clean -fd .
DEBUG: ran clean --force -d . in 
DEBUG: JX_LOG_LEVEL=error LC_ALL=C git merge a039fdc933584dc27f55eb376cc73c24e528eea0
DEBUG: ran git merge a039fdc933584dc27f55eb376cc73c24e528eea0 in 
DEBUG: LC_ALL=C JX_LOG_LEVEL=error git log --format=%H%x1f%an%x1f%ae%x1f%cn%x1f%ce%x1f%s%n%b%x1e 76880333f68a9727df4f4e37b20f4844d3045bc0..HEAD
Merged SHA a039fdc933584dc27f55eb376cc73c24e528eea0 with commit message 'chore: Promote bdd-ghf**y-import-1583630277 to version 0.0.1' into base branch master

Showing logs for build [32mcb-kubecd-environment-pr-177-45-mjn4v-1[0m stage [32mfrom-build-pack[0m and container [32mstep-build-helm-build[0m
WARNING: No $CHART_REPOSITORY defined so using the default value of: http://jenkins-x-chartmuseum:8080
Adding missing Helm repo: storage.googleapis.com https://storage.googleapis.com/chartmuseum.jenkins-x.io
WARNING: No secrets found on "helm/repos" due: reading the secret "helm/repos" from vault: no secret "helm/repos" not found in vault
Read credentials for https://storage.googleapis.com/chartmuseum.jenkins-x.io from vault helm/repos
Successfully added Helm repository storage.googleapis.com.
Adding missing Helm repo: jenkins-x-chartmuseum http://jenkins-x-chartmuseum:8080
WARNING: No secrets found on "helm/repos" due: reading the secret "helm/repos" from vault: no secret "helm/repos" not found in vault
Read credentials for http://jenkins-x-chartmuseum:8080 from vault helm/repos
Successfully added Helm repository jenkins-x-chartmuseum.
WARNING: No $CHART_REPOSITORY defined so using the default value of: http://jenkins-x-chartmuseum:8080
Adding missing Helm repo: chartmuseum.jenkins-x.io http://chartmuseum.jenkins-x.io
WARNING: No secrets found on "helm/repos" due: reading the secret "helm/repos" from vault: no secret "helm/repos" not found in vault
Read credentials for http://chartmuseum.jenkins-x.io from vault helm/repos
Successfully added Helm repository chartmuseum.jenkins-x.io.
