
Showing logs for build [32mcb-kubecd-environment-pr-177-45-jdvpw-1[0m stage [32mfrom-build-pack[0m and container [32mstep-credential-initializer-llhfn[0m
{"level":"warn","ts":1583629833.6711068,"logger":"fallback-logger","caller":"logging/config.go:69","msg":"Fetch GitHub commit ID from kodata failed: \"ref: refs/heads/0.8.0-**-support-backwards-incompats\" is not a valid GitHub commit ID"}
{"level":"info","ts":1583629833.6715372,"logger":"fallback-logger","caller":"creds-init/main.go:40","msg":"Credentials initialized."}

Showing logs for build [32mcb-kubecd-environment-pr-177-45-jdvpw-1[0m stage [32mfrom-build-pack[0m and container [32mstep-working-dir-initializer-672x5[0m
{"level":"warn","ts":1583629834.2876081,"logger":"fallback-logger","caller":"logging/config.go:69","msg":"Fetch GitHub commit ID from kodata failed: open /var/run/ko/HEAD: no such file or directory"}
{"level":"info","ts":1583629834.2902546,"logger":"fallback-logger","caller":"bash/main.go:64","msg":"Successfully executed command \"sh -c mkdir -p /workspace/source\"; output "}

Showing logs for build [32mcb-kubecd-environment-pr-177-45-jdvpw-1[0m stage [32mfrom-build-pack[0m and container [32mstep-place-tools[0m

Showing logs for build [32mcb-kubecd-environment-pr-177-45-jdvpw-1[0m stage [32mfrom-build-pack[0m and container [32mstep-git-source-cb-kubecd-environment-pr-177-45-jdvpw-kbr52[0m
{"level":"warn","ts":1583629837.4450834,"logger":"fallback-logger","caller":"logging/config.go:69","msg":"Fetch GitHub commit ID from kodata failed: \"ref: refs/heads/0.8.0-**-support-backwards-incompats\" is not a valid GitHub commit ID"}
{"level":"info","ts":1583629838.566955,"logger":"fallback-logger","caller":"git/git.go:103","msg":"Successfully cloned https://github.com/cb-kubecd/environment-pr-177-45-boot-gke-staging.git @ master in path /workspace/source"}

Showing logs for build [32mcb-kubecd-environment-pr-177-45-jdvpw-1[0m stage [32mfrom-build-pack[0m and container [32mstep-git-merge[0m
Using SHAs from PULL_REFS=master:f4d442f45c628e86bc3f5db7e0b030b05d7612ce,4:07907495870ad30f3c839da306f7d4d53049a34f
DEBUG: LC_ALL=C JX_LOG_LEVEL=error git fetch origin --unshallow 07907495870ad30f3c839da306f7d4d53049a34f: f4d442f45c628e86bc3f5db7e0b030b05d7612ce:
DEBUG: ran git fetch --unshallow origin 07907495870ad30f3c839da306f7d4d53049a34f: f4d442f45c628e86bc3f5db7e0b030b05d7612ce: in 
DEBUG: LC_ALL=C JX_LOG_LEVEL=error git branch
DEBUG: LC_ALL=C JX_LOG_LEVEL=error git checkout master
DEBUG: ran git checkout master in 
DEBUG: LC_ALL=C JX_LOG_LEVEL=error git reset --hard f4d442f45c628e86bc3f5db7e0b030b05d7612ce
DEBUG: ran git reset --hard f4d442f45c628e86bc3f5db7e0b030b05d7612ce in 
DEBUG: JX_LOG_LEVEL=error LC_ALL=C git clean -fd .
DEBUG: ran clean --force -d . in 
DEBUG: LC_ALL=C JX_LOG_LEVEL=error git merge 07907495870ad30f3c839da306f7d4d53049a34f
DEBUG: ran git merge 07907495870ad30f3c839da306f7d4d53049a34f in 
DEBUG: LC_ALL=C JX_LOG_LEVEL=error git log --format=%H%x1f%an%x1f%ae%x1f%cn%x1f%ce%x1f%s%n%b%x1e f4d442f45c628e86bc3f5db7e0b030b05d7612ce..HEAD
Merged SHA 07907495870ad30f3c839da306f7d4d53049a34f with commit message 'chore: Promote bdd-gh-1583628114 to version 0.0.1' into base branch master

Showing logs for build [32mcb-kubecd-environment-pr-177-45-jdvpw-1[0m stage [32mfrom-build-pack[0m and container [32mstep-build-helm-build[0m
WARNING: No $CHART_REPOSITORY defined so using the default value of: http://jenkins-x-chartmuseum:8080
Adding missing Helm repo: storage.googleapis.com https://storage.googleapis.com/chartmuseum.jenkins-x.io
WARNING: No secrets found on "helm/repos" due: reading the secret "helm/repos" from vault: no secret "helm/repos" not found in vault
Read credentials for https://storage.googleapis.com/chartmuseum.jenkins-x.io from vault helm/repos
Successfully added Helm repository storage.googleapis.com.
Adding missing Helm repo: jenkins-x-chartmuseum http://jenkins-x-chartmuseum:8080
WARNING: No secrets found on "helm/repos" due: reading the secret "helm/repos" from vault: no secret "helm/repos" not found in vault
Read credentials for http://jenkins-x-chartmuseum:8080 from vault helm/repos
Successfully added Helm repository jenkins-x-chartmuseum.
WARNING: No $CHART_REPOSITORY defined so using the default value of: http://jenkins-x-chartmuseum:8080
Adding missing Helm repo: chartmuseum.jenkins-x.io http://chartmuseum.jenkins-x.io
WARNING: No secrets found on "helm/repos" due: reading the secret "helm/repos" from vault: no secret "helm/repos" not found in vault
Read credentials for http://chartmuseum.jenkins-x.io from vault helm/repos
Successfully added Helm repository chartmuseum.jenkins-x.io.
